Starting job on host: node29.hexfarm.rutgers.edu
Current dir: /HTClocal/execute/dir_1248030
Listing initialdir content:
total 52
-rw-r--r-- 1 yide cmsuser     0 Sep  8 03:17 _condor_stderr
-rw-r--r-- 1 yide cmsuser   120 Sep  8 03:17 _condor_stdout
-rwxr-xr-x 1 yide cmsuser 15311 Sep  8 03:17 analyzer_zmc.h
-rwxr-xr-x 1 yide cmsuser  5645 Sep  8 03:17 analyzer_zmc.py
-rwxr-xr-x 1 yide cmsuser   508 Sep  8 03:17 condor_exec.exe
-rw-r--r-- 1 yide cmsuser 12248 Sep  8 03:17 file_list_part_000
drwx------ 2 yide cmsuser  4096 Sep  8 03:17 tmp
drwx------ 3 yide cmsuser  4096 Sep  8 03:17 var
Argument received: file_list_part_000
Listing the file list argument:
-rw-r--r-- 1 yide cmsuser 12248 Sep  8 03:17 file_list_part_000
/HTClocal/execute/dir_1248030/CMSSW_14_0_15/src
CMSSW_14_0_15
_condor_stderr
_condor_stdout
analyzer_zmc.h
analyzer_zmc.py
condor_exec.exe
file_list_part_000
tmp
var
/HTClocal/execute/dir_1248030
rejectedVertices_size > 0: pass=26522003   all=27767565   -- eff=95.51 % cumulative eff=95.51 %
isGoodMuon_size > 1: pass=22194564   all=26522003   -- eff=83.68 % cumulative eff=79.93 %
goodMuonPtIsoEta_size > 1: pass=12145600   all=22194564   -- eff=54.72 % cumulative eff=43.74 %
pairsMuonsSamePV > 0: pass=12087309   all=12145600   -- eff=99.52 % cumulative eff=43.53 %
pairsMuonsPtAsymmetry_size > 0: pass=11845863   all=12087309   -- eff=98.00 % cumulative eff=42.66 %
num of pairs op charge > 0: pass=11842503   all=11845863   -- eff=99.97 % cumulative eff=42.65 %
80 <= InvMass <= 100: pass=10251935   all=11842503   -- eff=86.57 % cumulative eff=36.92 %
Using file list: file_list_part_000

*****Cutflow Report*****
Execution time: 199.85353589057922 seconds
